2023-02-07 00:00:24,750 INFO [http-nio-8888-exec-2] org.apache.juli.logging.DirectJDKLog: Initializing Spring DispatcherServlet 'dispatcherServlet'
2023-02-07 00:00:24,877 INFO [http-nio-8888-exec-2] org.springframework.web.servlet.FrameworkServlet: Initializing Servlet 'dispatcherServlet'
2023-02-07 00:00:24,912 INFO [http-nio-8888-exec-2] org.springframework.web.servlet.FrameworkServlet: Completed initialization in 34 ms
2023-02-07 00:00:25,147 INFO [http-nio-8888-exec-2] maluevartem.cloud_storage_backend.controller.RegistrationController: Новый пользователь приступил к регистрации: UserDto(login=Admin, password=admin)
2023-02-07 00:00:25,157 INFO [http-nio-8888-exec-2] maluevartem.cloud_storage_backend.service.RegistrationService: Проверка свободности логина: UserEntity(id=null, login=Admin, password=admin, roles=null, fileList=null)
2023-02-07 00:00:25,845 INFO [http-nio-8888-exec-2] maluevartem.cloud_storage_backend.service.RegistrationService: Новый пользователь зарегистрирован: UserEntity(id=null, login=Admin, password=$2a$12$r7xMVd69qrcro2y08lCfcuGCcALKFwpM11Y8CTslU6excYVc24eE2, roles=ROLE_USER, fileList=null)
2023-02-07 00:01:53,583 INFO [SpringApplicationShutdownHook] org.springframework.orm.jpa.AbstractEntityManagerFactoryBean: Closing JPA EntityManagerFactory for persistence unit 'default'
2023-02-07 00:01:53,591 INFO [SpringApplicationShutdownHook] com.zaxxer.hikari.HikariDataSource: HikariPool-1 - Shutdown initiated...
2023-02-07 00:01:53,634 INFO [SpringApplicationShutdownHook] com.zaxxer.hikari.HikariDataSource: HikariPool-1 - Shutdown completed.
2023-02-07 00:03:01,434 INFO [main] maluevartem.cloud_storage_backend.CloudStorageBackendApplication: Сервер запущен: Tue Feb 07 00:03:01 MSK 2023
2023-02-07 00:03:01,913 INFO [main] org.springframework.boot.StartupInfoLogger: Starting CloudStorageBackendApplication using Java 11.0.14.1 on Jgeleziaka-13 with PID 10784 (D:\JavaCourse\DiplomaWork_CloudStorage\cloud_storage_diplom\target\classes started by Пользователь in D:\JavaCourse\DiplomaWork_CloudStorage\cloud_storage_diplom)
2023-02-07 00:03:01,914 DEBUG [main] org.springframework.boot.StartupInfoLogger: Running with Spring Boot v2.7.5, Spring v5.3.23
2023-02-07 00:03:01,915 INFO [main] org.springframework.boot.SpringApplication: No active profile set, falling back to 1 default profile: "default"
2023-02-07 00:03:01,915 INFO [background-preinit] org.hibernate.validator.internal.util.Version: HV000001: Hibernate Validator 6.2.5.Final
2023-02-07 00:03:02,684 INFO [main] org.springframework.data.repository.config.RepositoryConfigurationDelegate: Multiple Spring Data modules found, entering strict repository configuration mode
2023-02-07 00:03:02,685 INFO [main] org.springframework.data.repository.config.RepositoryConfigurationDelegate: Bootstrapping Spring Data JDBC repositories in DEFAULT mode.
2023-02-07 00:03:02,716 INFO [main] org.springframework.data.repository.config.RepositoryConfigurationExtensionSupport: Spring Data JDBC - Could not safely identify store assignment for repository candidate interface maluevartem.cloud_storage_backend.repository.FileRepository; If you want this repository to be a JDBC repository, consider annotating your entities with one of these annotations: org.springframework.data.relational.core.mapping.Table.
2023-02-07 00:03:02,718 INFO [main] org.springframework.data.repository.config.RepositoryConfigurationExtensionSupport: Spring Data JDBC - Could not safely identify store assignment for repository candidate interface maluevartem.cloud_storage_backend.repository.UserRepository; If you want this repository to be a JDBC repository, consider annotating your entities with one of these annotations: org.springframework.data.relational.core.mapping.Table.
2023-02-07 00:03:02,719 INFO [main] org.springframework.data.repository.config.RepositoryConfigurationDelegate: Finished Spring Data repository scanning in 30 ms. Found 0 JDBC repository interfaces.
2023-02-07 00:03:02,728 INFO [main] org.springframework.data.repository.config.RepositoryConfigurationDelegate: Multiple Spring Data modules found, entering strict repository configuration mode
2023-02-07 00:03:02,729 INFO [main] org.springframework.data.repository.config.RepositoryConfigurationDelegate: Bootstrapping Spring Data JPA repositories in DEFAULT mode.
2023-02-07 00:03:02,762 INFO [main] org.springframework.data.repository.config.RepositoryConfigurationDelegate: Finished Spring Data repository scanning in 29 ms. Found 2 JPA repository interfaces.
2023-02-07 00:03:03,301 INFO [main] org.springframework.boot.web.embedded.tomcat.TomcatWebServer: Tomcat initialized with port(s): 8888 (http)
2023-02-07 00:03:03,310 INFO [main] org.apache.juli.logging.DirectJDKLog: Initializing ProtocolHandler ["http-nio-8888"]
2023-02-07 00:03:03,311 INFO [main] org.apache.juli.logging.DirectJDKLog: Starting service [Tomcat]
2023-02-07 00:03:03,311 INFO [main] org.apache.juli.logging.DirectJDKLog: Starting Servlet engine: [Apache Tomcat/9.0.68]
2023-02-07 00:03:03,428 INFO [main] org.apache.juli.logging.DirectJDKLog: Initializing Spring embedded WebApplicationContext
2023-02-07 00:03:03,429 INFO [main] org.springframework.boot.web.servlet.context.ServletWebServerApplicationContext: Root WebApplicationContext: initialization completed in 1477 ms
2023-02-07 00:03:03,483 DEBUG [main] org.springframework.web.filter.GenericFilterBean: Filter 'JWTFilter' configured for use
2023-02-07 00:03:03,644 INFO [main] com.zaxxer.hikari.HikariDataSource: HikariPool-1 - Starting...
2023-02-07 00:03:03,977 INFO [main] com.zaxxer.hikari.HikariDataSource: HikariPool-1 - Start completed.
2023-02-07 00:03:04,318 INFO [main] liquibase.logging.core.JavaLogger: Successfully acquired change log lock
2023-02-07 00:03:04,518 INFO [main] liquibase.logging.core.JavaLogger: Creating database history table with name: mysqlDataBase.DATABASECHANGELOG
2023-02-07 00:03:04,534 INFO [main] liquibase.logging.core.JavaLogger: Reading from mysqlDataBase.DATABASECHANGELOG
2023-02-07 00:03:04,690 INFO [main] liquibase.logging.core.JavaLogger: Table user_entity created
2023-02-07 00:03:04,692 INFO [main] liquibase.logging.core.JavaLogger: ChangeSet /db/changelog/migrations/script-v1.0-create-table-user_entity.yaml::create-table-user_entity::Maluev Artem ran successfully in 16ms
2023-02-07 00:03:04,717 INFO [main] liquibase.logging.core.JavaLogger: Table file_entity created
2023-02-07 00:03:04,719 INFO [main] liquibase.logging.core.JavaLogger: ChangeSet /db/changelog/migrations/script-v1.0-create-table-file_entity.yaml::create-table-file_entity::Maluev Artem ran successfully in 15ms
2023-02-07 00:03:04,740 INFO [main] liquibase.logging.core.JavaLogger: Custom SQL executed
2023-02-07 00:03:04,743 INFO [main] liquibase.logging.core.JavaLogger: ChangeSet /db/changelog/migrations/script-v1.0-fill-table-user_entity.sql::raw::includeAll ran successfully in 16ms
2023-02-07 00:03:04,760 INFO [main] liquibase.logging.core.JavaLogger: Successfully released change log lock
2023-02-07 00:03:04,850 INFO [main] org.hibernate.jpa.internal.util.LogHelper: HHH000204: Processing PersistenceUnitInfo [name: default]
2023-02-07 00:03:04,900 INFO [main] org.hibernate.Version: HHH000412: Hibernate ORM core version 5.6.12.Final
2023-02-07 00:03:05,046 INFO [main] org.hibernate.annotations.common.reflection.java.JavaReflectionManager: HCANN000001: Hibernate Commons Annotations {5.1.2.Final}
2023-02-07 00:03:05,131 INFO [main] org.hibernate.dialect.Dialect: HHH000400: Using dialect: org.hibernate.dialect.MySQL5Dialect
2023-02-07 00:03:05,688 INFO [main] org.hibernate.engine.transaction.jta.platform.internal.JtaPlatformInitiator: HHH000490: Using JtaPlatform implementation: [org.hibernate.engine.transaction.jta.platform.internal.NoJtaPlatform]
2023-02-07 00:03:05,696 INFO [main] org.springframework.orm.jpa.AbstractEntityManagerFactoryBean: Initialized JPA EntityManagerFactory for persistence unit 'default'
2023-02-07 00:03:06,066 WARN [main] org.springframework.boot.autoconfigure.security.servlet.UserDetailsServiceAutoConfiguration: 

Using generated security password: 4ee37ba6-3992-4caf-ad9e-4830d715a591

This generated password is for development use only. Your security configuration must be updated before running your application in production.

2023-02-07 00:03:06,287 WARN [main] org.springframework.boot.autoconfigure.orm.jpa.JpaBaseConfiguration$JpaWebConfiguration: spring.jpa.open-in-view is enabled by default. Therefore, database queries may be performed during view rendering. Explicitly configure spring.jpa.open-in-view to disable this warning
2023-02-07 00:03:06,517 INFO [main] org.springframework.security.web.DefaultSecurityFilterChain: Will secure any request with [org.springframework.security.web.session.DisableEncodeUrlFilter@19f9287a, org.springframework.security.web.context.request.async.WebAsyncManagerIntegrationFilter@4924ad09, org.springframework.security.web.context.SecurityContextPersistenceFilter@5fa3df, org.springframework.security.web.header.HeaderWriterFilter@12a7515b, org.springframework.web.filter.CorsFilter@7e9d171c, maluevartem.cloud_storage_backend.security.JWTFilter@31f295b6, org.springframework.security.web.savedrequest.RequestCacheAwareFilter@3b1a3125, org.springframework.security.web.servletapi.SecurityContextHolderAwareRequestFilter@4199761d, org.springframework.security.web.authentication.AnonymousAuthenticationFilter@3a1540be, org.springframework.security.web.session.SessionManagementFilter@2ded31cc, org.springframework.security.web.access.ExceptionTranslationFilter@33b4c775, org.springframework.security.web.access.intercept.FilterSecurityInterceptor@702ab027]
2023-02-07 00:03:06,782 INFO [main] org.apache.juli.logging.DirectJDKLog: Starting ProtocolHandler ["http-nio-8888"]
2023-02-07 00:03:06,803 INFO [main] org.springframework.boot.web.embedded.tomcat.TomcatWebServer: Tomcat started on port(s): 8888 (http) with context path ''
2023-02-07 00:03:06,813 INFO [main] org.springframework.boot.StartupInfoLogger: Started CloudStorageBackendApplication in 5.283 seconds (JVM running for 6.358)
2023-02-07 00:04:11,333 INFO [SpringApplicationShutdownHook] org.springframework.orm.jpa.AbstractEntityManagerFactoryBean: Closing JPA EntityManagerFactory for persistence unit 'default'
2023-02-07 00:04:11,335 INFO [SpringApplicationShutdownHook] com.zaxxer.hikari.HikariDataSource: HikariPool-1 - Shutdown initiated...
2023-02-07 00:04:11,364 INFO [SpringApplicationShutdownHook] com.zaxxer.hikari.HikariDataSource: HikariPool-1 - Shutdown completed.
