2023-01-25 14:35:53,360 INFO [main] maluevartem.cloud_storage_backend.CloudStorageBackendApplication: Сервер запущен: Wed Jan 25 14:35:53 MSK 2023
2023-01-25 14:35:53,887 INFO [main] org.springframework.boot.StartupInfoLogger: Starting CloudStorageBackendApplication using Java 11.0.14.1 on Jgeleziaka-13 with PID 5308 (D:\JavaCourse\DiplomaWork_CloudStorage\cloud_storage_backend\target\classes started by Пользователь in D:\JavaCourse\DiplomaWork_CloudStorage\cloud_storage_backend)
2023-01-25 14:35:53,888 DEBUG [main] org.springframework.boot.StartupInfoLogger: Running with Spring Boot v2.7.5, Spring v5.3.23
2023-01-25 14:35:53,889 INFO [main] org.springframework.boot.SpringApplication: No active profile set, falling back to 1 default profile: "default"
2023-01-25 14:35:53,889 INFO [background-preinit] org.hibernate.validator.internal.util.Version: HV000001: Hibernate Validator 6.2.5.Final
2023-01-25 14:35:54,989 INFO [main] org.springframework.data.repository.config.RepositoryConfigurationDelegate: Multiple Spring Data modules found, entering strict repository configuration mode
2023-01-25 14:35:54,990 INFO [main] org.springframework.data.repository.config.RepositoryConfigurationDelegate: Bootstrapping Spring Data JDBC repositories in DEFAULT mode.
2023-01-25 14:35:55,020 INFO [main] org.springframework.data.repository.config.RepositoryConfigurationExtensionSupport: Spring Data JDBC - Could not safely identify store assignment for repository candidate interface maluevartem.cloud_storage_backend.repository.FileRepository; If you want this repository to be a JDBC repository, consider annotating your entities with one of these annotations: org.springframework.data.relational.core.mapping.Table.
2023-01-25 14:35:55,022 INFO [main] org.springframework.data.repository.config.RepositoryConfigurationExtensionSupport: Spring Data JDBC - Could not safely identify store assignment for repository candidate interface maluevartem.cloud_storage_backend.repository.UserRepository; If you want this repository to be a JDBC repository, consider annotating your entities with one of these annotations: org.springframework.data.relational.core.mapping.Table.
2023-01-25 14:35:55,023 INFO [main] org.springframework.data.repository.config.RepositoryConfigurationDelegate: Finished Spring Data repository scanning in 27 ms. Found 0 JDBC repository interfaces.
2023-01-25 14:35:55,029 INFO [main] org.springframework.data.repository.config.RepositoryConfigurationDelegate: Multiple Spring Data modules found, entering strict repository configuration mode
2023-01-25 14:35:55,030 INFO [main] org.springframework.data.repository.config.RepositoryConfigurationDelegate: Bootstrapping Spring Data JPA repositories in DEFAULT mode.
2023-01-25 14:35:55,059 INFO [main] org.springframework.data.repository.config.RepositoryConfigurationDelegate: Finished Spring Data repository scanning in 26 ms. Found 2 JPA repository interfaces.
2023-01-25 14:35:55,727 INFO [main] org.springframework.boot.web.embedded.tomcat.TomcatWebServer: Tomcat initialized with port(s): 8090 (http)
2023-01-25 14:35:55,735 INFO [main] org.apache.juli.logging.DirectJDKLog: Initializing ProtocolHandler ["http-nio-8090"]
2023-01-25 14:35:55,736 INFO [main] org.apache.juli.logging.DirectJDKLog: Starting service [Tomcat]
2023-01-25 14:35:55,736 INFO [main] org.apache.juli.logging.DirectJDKLog: Starting Servlet engine: [Apache Tomcat/9.0.68]
2023-01-25 14:35:55,860 INFO [main] org.apache.juli.logging.DirectJDKLog: Initializing Spring embedded WebApplicationContext
2023-01-25 14:35:55,861 INFO [main] org.springframework.boot.web.servlet.context.ServletWebServerApplicationContext: Root WebApplicationContext: initialization completed in 1931 ms
2023-01-25 14:35:55,914 DEBUG [main] org.springframework.web.filter.GenericFilterBean: Filter 'JWTFilter' configured for use
2023-01-25 14:35:56,106 INFO [main] com.zaxxer.hikari.HikariDataSource: HikariPool-1 - Starting...
2023-01-25 14:35:56,497 INFO [main] com.zaxxer.hikari.HikariDataSource: HikariPool-1 - Start completed.
2023-01-25 14:35:56,882 INFO [main] liquibase.logging.core.JavaLogger: Successfully acquired change log lock
2023-01-25 14:35:56,937 INFO [main] liquibase.logging.core.JavaLogger: Reading resource: db/changelog/migrations/script-v1.0-create-table-file_entity.yaml
2023-01-25 14:35:57,075 INFO [main] liquibase.logging.core.JavaLogger: Reading resource: db/changelog/migrations/script-v1.0-create-table-user_entity.yaml
2023-01-25 14:35:57,165 INFO [main] liquibase.logging.core.JavaLogger: Reading resource: db/changelog/migrations/script-v1.0-fill-table-user_entity.sql
2023-01-25 14:35:57,199 INFO [main] liquibase.logging.core.JavaLogger: Creating database history table with name: mysqlDataBase.DATABASECHANGELOG
2023-01-25 14:35:57,213 INFO [main] liquibase.logging.core.JavaLogger: Reading from mysqlDataBase.DATABASECHANGELOG
2023-01-25 14:35:57,342 INFO [main] liquibase.logging.core.JavaLogger: Table file_entity created
2023-01-25 14:35:57,345 INFO [main] liquibase.logging.core.JavaLogger: ChangeSet db/changelog/migrations/script-v1.0-create-table-file_entity.yaml::create-table-file_entity::Maluev Artem ran successfully in 15ms
2023-01-25 14:35:57,365 INFO [main] liquibase.logging.core.JavaLogger: Table user_entity created
2023-01-25 14:35:57,367 INFO [main] liquibase.logging.core.JavaLogger: ChangeSet db/changelog/migrations/script-v1.0-create-table-user_entity.yaml::create-table-user_entity::Maluev Artem ran successfully in 12ms
2023-01-25 14:35:57,403 INFO [main] liquibase.logging.core.JavaLogger: Custom SQL executed
2023-01-25 14:35:57,406 INFO [main] liquibase.logging.core.JavaLogger: ChangeSet db/changelog/migrations/script-v1.0-fill-table-user_entity.sql::raw::includeAll ran successfully in 23ms
2023-01-25 14:35:57,428 INFO [main] liquibase.logging.core.JavaLogger: Successfully released change log lock
2023-01-25 14:35:57,500 INFO [main] org.hibernate.jpa.internal.util.LogHelper: HHH000204: Processing PersistenceUnitInfo [name: default]
2023-01-25 14:35:57,545 INFO [main] org.hibernate.Version: HHH000412: Hibernate ORM core version 5.6.12.Final
2023-01-25 14:35:57,703 INFO [main] org.hibernate.annotations.common.reflection.java.JavaReflectionManager: HCANN000001: Hibernate Commons Annotations {5.1.2.Final}
2023-01-25 14:35:57,804 INFO [main] org.hibernate.dialect.Dialect: HHH000400: Using dialect: org.hibernate.dialect.MySQL5Dialect
2023-01-25 14:35:58,347 INFO [main] org.hibernate.engine.transaction.jta.platform.internal.JtaPlatformInitiator: HHH000490: Using JtaPlatform implementation: [org.hibernate.engine.transaction.jta.platform.internal.NoJtaPlatform]
2023-01-25 14:35:58,356 INFO [main] org.springframework.orm.jpa.AbstractEntityManagerFactoryBean: Initialized JPA EntityManagerFactory for persistence unit 'default'
2023-01-25 14:35:58,772 WARN [main] org.springframework.boot.autoconfigure.security.servlet.UserDetailsServiceAutoConfiguration: 

Using generated security password: 4798b2fc-018a-4caa-b93c-f37d4b1b7f1c

This generated password is for development use only. Your security configuration must be updated before running your application in production.

2023-01-25 14:35:58,879 WARN [main] org.springframework.boot.autoconfigure.orm.jpa.JpaBaseConfiguration$JpaWebConfiguration: spring.jpa.open-in-view is enabled by default. Therefore, database queries may be performed during view rendering. Explicitly configure spring.jpa.open-in-view to disable this warning
2023-01-25 14:35:59,106 INFO [main] org.springframework.security.web.DefaultSecurityFilterChain: Will secure any request with [org.springframework.security.web.session.DisableEncodeUrlFilter@5825932c, org.springframework.security.web.context.request.async.WebAsyncManagerIntegrationFilter@277dddcf, org.springframework.security.web.context.SecurityContextPersistenceFilter@1ced1d14, org.springframework.security.web.header.HeaderWriterFilter@7d086485, org.springframework.web.filter.CorsFilter@321c01c2, maluevartem.cloud_storage_backend.security.JWTFilter@484149eb, org.springframework.security.web.savedrequest.RequestCacheAwareFilter@5263f554, org.springframework.security.web.servletapi.SecurityContextHolderAwareRequestFilter@7d28efd5, org.springframework.security.web.authentication.AnonymousAuthenticationFilter@d5eca06, org.springframework.security.web.session.SessionManagementFilter@3b171fbd, org.springframework.security.web.access.ExceptionTranslationFilter@65b07b9, org.springframework.security.web.access.intercept.FilterSecurityInterceptor@1fd73dcb]
2023-01-25 14:35:59,511 INFO [main] org.apache.juli.logging.DirectJDKLog: Starting ProtocolHandler ["http-nio-8090"]
2023-01-25 14:35:59,532 INFO [main] org.springframework.boot.web.embedded.tomcat.TomcatWebServer: Tomcat started on port(s): 8090 (http) with context path ''
2023-01-25 14:35:59,542 INFO [main] org.springframework.boot.StartupInfoLogger: Started CloudStorageBackendApplication in 6.072 seconds (JVM running for 7.391)
2023-01-25 14:36:06,657 INFO [SpringApplicationShutdownHook] org.springframework.orm.jpa.AbstractEntityManagerFactoryBean: Closing JPA EntityManagerFactory for persistence unit 'default'
2023-01-25 14:36:06,661 INFO [SpringApplicationShutdownHook] com.zaxxer.hikari.HikariDataSource: HikariPool-1 - Shutdown initiated...
2023-01-25 14:36:06,685 INFO [SpringApplicationShutdownHook] com.zaxxer.hikari.HikariDataSource: HikariPool-1 - Shutdown completed.
2023-01-25 15:15:00,305 INFO [main] maluevartem.cloud_storage_backend.CloudStorageBackendApplication: Сервер запущен: Wed Jan 25 15:15:00 MSK 2023
2023-01-25 15:15:00,817 INFO [main] org.springframework.boot.StartupInfoLogger: Starting CloudStorageBackendApplication using Java 11.0.14.1 on Jgeleziaka-13 with PID 5608 (D:\JavaCourse\DiplomaWork_CloudStorage\cloud_storage_backend\target\classes started by Пользователь in D:\JavaCourse\DiplomaWork_CloudStorage\cloud_storage_backend)
2023-01-25 15:15:00,818 DEBUG [main] org.springframework.boot.StartupInfoLogger: Running with Spring Boot v2.7.5, Spring v5.3.23
2023-01-25 15:15:00,818 INFO [background-preinit] org.hibernate.validator.internal.util.Version: HV000001: Hibernate Validator 6.2.5.Final
2023-01-25 15:15:00,819 INFO [main] org.springframework.boot.SpringApplication: No active profile set, falling back to 1 default profile: "default"
2023-01-25 15:15:01,834 INFO [main] org.springframework.data.repository.config.RepositoryConfigurationDelegate: Multiple Spring Data modules found, entering strict repository configuration mode
2023-01-25 15:15:01,835 INFO [main] org.springframework.data.repository.config.RepositoryConfigurationDelegate: Bootstrapping Spring Data JDBC repositories in DEFAULT mode.
2023-01-25 15:15:01,866 INFO [main] org.springframework.data.repository.config.RepositoryConfigurationExtensionSupport: Spring Data JDBC - Could not safely identify store assignment for repository candidate interface maluevartem.cloud_storage_backend.repository.FileRepository; If you want this repository to be a JDBC repository, consider annotating your entities with one of these annotations: org.springframework.data.relational.core.mapping.Table.
2023-01-25 15:15:01,867 INFO [main] org.springframework.data.repository.config.RepositoryConfigurationExtensionSupport: Spring Data JDBC - Could not safely identify store assignment for repository candidate interface maluevartem.cloud_storage_backend.repository.UserRepository; If you want this repository to be a JDBC repository, consider annotating your entities with one of these annotations: org.springframework.data.relational.core.mapping.Table.
2023-01-25 15:15:01,868 INFO [main] org.springframework.data.repository.config.RepositoryConfigurationDelegate: Finished Spring Data repository scanning in 29 ms. Found 0 JDBC repository interfaces.
2023-01-25 15:15:01,875 INFO [main] org.springframework.data.repository.config.RepositoryConfigurationDelegate: Multiple Spring Data modules found, entering strict repository configuration mode
2023-01-25 15:15:01,876 INFO [main] org.springframework.data.repository.config.RepositoryConfigurationDelegate: Bootstrapping Spring Data JPA repositories in DEFAULT mode.
2023-01-25 15:15:01,907 INFO [main] org.springframework.data.repository.config.RepositoryConfigurationDelegate: Finished Spring Data repository scanning in 28 ms. Found 2 JPA repository interfaces.
2023-01-25 15:15:02,476 INFO [main] org.springframework.boot.web.embedded.tomcat.TomcatWebServer: Tomcat initialized with port(s): 8888 (http)
2023-01-25 15:15:02,485 INFO [main] org.apache.juli.logging.DirectJDKLog: Initializing ProtocolHandler ["http-nio-8888"]
2023-01-25 15:15:02,485 INFO [main] org.apache.juli.logging.DirectJDKLog: Starting service [Tomcat]
2023-01-25 15:15:02,486 INFO [main] org.apache.juli.logging.DirectJDKLog: Starting Servlet engine: [Apache Tomcat/9.0.68]
2023-01-25 15:15:02,603 INFO [main] org.apache.juli.logging.DirectJDKLog: Initializing Spring embedded WebApplicationContext
2023-01-25 15:15:02,604 INFO [main] org.springframework.boot.web.servlet.context.ServletWebServerApplicationContext: Root WebApplicationContext: initialization completed in 1740 ms
2023-01-25 15:15:02,661 DEBUG [main] org.springframework.web.filter.GenericFilterBean: Filter 'JWTFilter' configured for use
2023-01-25 15:15:02,855 INFO [main] com.zaxxer.hikari.HikariDataSource: HikariPool-1 - Starting...
2023-01-25 15:15:03,192 INFO [main] com.zaxxer.hikari.HikariDataSource: HikariPool-1 - Start completed.
2023-01-25 15:15:03,550 INFO [main] liquibase.logging.core.JavaLogger: Successfully acquired change log lock
2023-01-25 15:15:03,608 INFO [main] liquibase.logging.core.JavaLogger: Reading resource: db/changelog/migrations/script-v1.0-create-table-file_entity.yaml
2023-01-25 15:15:03,879 INFO [main] liquibase.logging.core.JavaLogger: Reading resource: db/changelog/migrations/script-v1.0-create-table-user_entity.yaml
2023-01-25 15:15:03,885 INFO [main] liquibase.logging.core.JavaLogger: Reading resource: db/changelog/migrations/script-v1.0-fill-table-user_entity.sql
2023-01-25 15:15:04,001 INFO [main] liquibase.logging.core.JavaLogger: Reading from mysqlDataBase.DATABASECHANGELOG
2023-01-25 15:15:04,133 INFO [main] liquibase.logging.core.JavaLogger: Successfully released change log lock
2023-01-25 15:15:04,196 INFO [main] org.hibernate.jpa.internal.util.LogHelper: HHH000204: Processing PersistenceUnitInfo [name: default]
2023-01-25 15:15:04,245 INFO [main] org.hibernate.Version: HHH000412: Hibernate ORM core version 5.6.12.Final
2023-01-25 15:15:04,386 INFO [main] org.hibernate.annotations.common.reflection.java.JavaReflectionManager: HCANN000001: Hibernate Commons Annotations {5.1.2.Final}
2023-01-25 15:15:04,566 INFO [main] org.hibernate.dialect.Dialect: HHH000400: Using dialect: org.hibernate.dialect.MySQL5Dialect
2023-01-25 15:15:05,105 INFO [main] org.hibernate.engine.transaction.jta.platform.internal.JtaPlatformInitiator: HHH000490: Using JtaPlatform implementation: [org.hibernate.engine.transaction.jta.platform.internal.NoJtaPlatform]
2023-01-25 15:15:05,116 INFO [main] org.springframework.orm.jpa.AbstractEntityManagerFactoryBean: Initialized JPA EntityManagerFactory for persistence unit 'default'
2023-01-25 15:15:05,539 WARN [main] org.springframework.boot.autoconfigure.security.servlet.UserDetailsServiceAutoConfiguration: 

Using generated security password: 84e2de83-035e-4945-afa1-e4a9b04e685a

This generated password is for development use only. Your security configuration must be updated before running your application in production.

2023-01-25 15:15:05,647 WARN [main] org.springframework.boot.autoconfigure.orm.jpa.JpaBaseConfiguration$JpaWebConfiguration: spring.jpa.open-in-view is enabled by default. Therefore, database queries may be performed during view rendering. Explicitly configure spring.jpa.open-in-view to disable this warning
2023-01-25 15:15:05,866 INFO [main] org.springframework.security.web.DefaultSecurityFilterChain: Will secure any request with [org.springframework.security.web.session.DisableEncodeUrlFilter@1a67bcaf, org.springframework.security.web.context.request.async.WebAsyncManagerIntegrationFilter@4f4b7a2e, org.springframework.security.web.context.SecurityContextPersistenceFilter@d8a2b1b, org.springframework.security.web.header.HeaderWriterFilter@8bd9d08, org.springframework.web.filter.CorsFilter@334ac669, maluevartem.cloud_storage_backend.security.JWTFilter@56846330, org.springframework.security.web.savedrequest.RequestCacheAwareFilter@3328db4f, org.springframework.security.web.servletapi.SecurityContextHolderAwareRequestFilter@4f9e9c21, org.springframework.security.web.authentication.AnonymousAuthenticationFilter@77430c79, org.springframework.security.web.session.SessionManagementFilter@2eb0932c, org.springframework.security.web.access.ExceptionTranslationFilter@41041c31, org.springframework.security.web.access.intercept.FilterSecurityInterceptor@2740585b]
2023-01-25 15:15:06,174 INFO [main] org.apache.juli.logging.DirectJDKLog: Starting ProtocolHandler ["http-nio-8888"]
2023-01-25 15:15:06,194 INFO [main] org.springframework.boot.web.embedded.tomcat.TomcatWebServer: Tomcat started on port(s): 8888 (http) with context path ''
2023-01-25 15:15:06,204 INFO [main] org.springframework.boot.StartupInfoLogger: Started CloudStorageBackendApplication in 5.786 seconds (JVM running for 7.104)
2023-01-25 15:15:15,819 INFO [SpringApplicationShutdownHook] org.springframework.orm.jpa.AbstractEntityManagerFactoryBean: Closing JPA EntityManagerFactory for persistence unit 'default'
2023-01-25 15:15:15,822 INFO [SpringApplicationShutdownHook] com.zaxxer.hikari.HikariDataSource: HikariPool-1 - Shutdown initiated...
2023-01-25 15:15:15,865 INFO [SpringApplicationShutdownHook] com.zaxxer.hikari.HikariDataSource: HikariPool-1 - Shutdown completed.
2023-01-25 15:35:22,781 INFO [main] maluevartem.cloud_storage_backend.CloudStorageBackendApplication: Сервер запущен: Wed Jan 25 15:35:22 MSK 2023
2023-01-25 15:35:23,549 INFO [main] org.springframework.boot.StartupInfoLogger: Starting CloudStorageBackendApplication using Java 11.0.14.1 on Jgeleziaka-13 with PID 15188 (D:\JavaCourse\DiplomaWork_CloudStorage\cloud_storage_backend\target\classes started by Пользователь in D:\JavaCourse\DiplomaWork_CloudStorage\cloud_storage_backend)
2023-01-25 15:35:23,551 DEBUG [main] org.springframework.boot.StartupInfoLogger: Running with Spring Boot v2.7.5, Spring v5.3.23
2023-01-25 15:35:23,550 INFO [background-preinit] org.hibernate.validator.internal.util.Version: HV000001: Hibernate Validator 6.2.5.Final
2023-01-25 15:35:23,552 INFO [main] org.springframework.boot.SpringApplication: No active profile set, falling back to 1 default profile: "default"
2023-01-25 15:35:24,572 INFO [main] org.springframework.data.repository.config.RepositoryConfigurationDelegate: Multiple Spring Data modules found, entering strict repository configuration mode
2023-01-25 15:35:24,573 INFO [main] org.springframework.data.repository.config.RepositoryConfigurationDelegate: Bootstrapping Spring Data JDBC repositories in DEFAULT mode.
2023-01-25 15:35:24,603 INFO [main] org.springframework.data.repository.config.RepositoryConfigurationExtensionSupport: Spring Data JDBC - Could not safely identify store assignment for repository candidate interface maluevartem.cloud_storage_backend.repository.FileRepository; If you want this repository to be a JDBC repository, consider annotating your entities with one of these annotations: org.springframework.data.relational.core.mapping.Table.
2023-01-25 15:35:24,605 INFO [main] org.springframework.data.repository.config.RepositoryConfigurationExtensionSupport: Spring Data JDBC - Could not safely identify store assignment for repository candidate interface maluevartem.cloud_storage_backend.repository.UserRepository; If you want this repository to be a JDBC repository, consider annotating your entities with one of these annotations: org.springframework.data.relational.core.mapping.Table.
2023-01-25 15:35:24,606 INFO [main] org.springframework.data.repository.config.RepositoryConfigurationDelegate: Finished Spring Data repository scanning in 28 ms. Found 0 JDBC repository interfaces.
2023-01-25 15:35:24,614 INFO [main] org.springframework.data.repository.config.RepositoryConfigurationDelegate: Multiple Spring Data modules found, entering strict repository configuration mode
2023-01-25 15:35:24,658 INFO [main] org.springframework.data.repository.config.RepositoryConfigurationDelegate: Bootstrapping Spring Data JPA repositories in DEFAULT mode.
2023-01-25 15:35:24,694 INFO [main] org.springframework.data.repository.config.RepositoryConfigurationDelegate: Finished Spring Data repository scanning in 31 ms. Found 2 JPA repository interfaces.
2023-01-25 15:35:25,356 INFO [main] org.springframework.boot.web.embedded.tomcat.TomcatWebServer: Tomcat initialized with port(s): 8888 (http)
2023-01-25 15:35:25,368 INFO [main] org.apache.juli.logging.DirectJDKLog: Initializing ProtocolHandler ["http-nio-8888"]
2023-01-25 15:35:25,368 INFO [main] org.apache.juli.logging.DirectJDKLog: Starting service [Tomcat]
2023-01-25 15:35:25,369 INFO [main] org.apache.juli.logging.DirectJDKLog: Starting Servlet engine: [Apache Tomcat/9.0.68]
2023-01-25 15:35:25,526 INFO [main] org.apache.juli.logging.DirectJDKLog: Initializing Spring embedded WebApplicationContext
2023-01-25 15:35:25,526 INFO [main] org.springframework.boot.web.servlet.context.ServletWebServerApplicationContext: Root WebApplicationContext: initialization completed in 1908 ms
2023-01-25 15:35:25,614 DEBUG [main] org.springframework.web.filter.GenericFilterBean: Filter 'JWTFilter' configured for use
2023-01-25 15:35:25,788 INFO [main] com.zaxxer.hikari.HikariDataSource: HikariPool-1 - Starting...
2023-01-25 15:35:26,179 INFO [main] com.zaxxer.hikari.HikariDataSource: HikariPool-1 - Start completed.
2023-01-25 15:35:26,548 INFO [main] liquibase.logging.core.JavaLogger: Successfully acquired change log lock
2023-01-25 15:35:26,603 INFO [main] liquibase.logging.core.JavaLogger: Reading resource: db/changelog/migrations/script-v1.0-create-table-file_entity.yaml
2023-01-25 15:35:26,871 INFO [main] liquibase.logging.core.JavaLogger: Reading resource: db/changelog/migrations/script-v1.0-create-table-user_entity.yaml
2023-01-25 15:35:26,875 INFO [main] liquibase.logging.core.JavaLogger: Reading resource: db/changelog/migrations/script-v1.0-fill-table-user_entity.sql
2023-01-25 15:35:26,985 INFO [main] liquibase.logging.core.JavaLogger: Reading from mysqlDataBase.DATABASECHANGELOG
2023-01-25 15:35:27,092 INFO [main] liquibase.logging.core.JavaLogger: Successfully released change log lock
2023-01-25 15:35:27,174 INFO [main] org.hibernate.jpa.internal.util.LogHelper: HHH000204: Processing PersistenceUnitInfo [name: default]
2023-01-25 15:35:27,221 INFO [main] org.hibernate.Version: HHH000412: Hibernate ORM core version 5.6.12.Final
2023-01-25 15:35:27,369 INFO [main] org.hibernate.annotations.common.reflection.java.JavaReflectionManager: HCANN000001: Hibernate Commons Annotations {5.1.2.Final}
2023-01-25 15:35:27,479 INFO [main] org.hibernate.dialect.Dialect: HHH000400: Using dialect: org.hibernate.dialect.MySQL5Dialect
2023-01-25 15:35:27,987 INFO [main] org.hibernate.engine.transaction.jta.platform.internal.JtaPlatformInitiator: HHH000490: Using JtaPlatform implementation: [org.hibernate.engine.transaction.jta.platform.internal.NoJtaPlatform]
2023-01-25 15:35:27,997 INFO [main] org.springframework.orm.jpa.AbstractEntityManagerFactoryBean: Initialized JPA EntityManagerFactory for persistence unit 'default'
2023-01-25 15:35:28,386 WARN [main] org.springframework.boot.autoconfigure.security.servlet.UserDetailsServiceAutoConfiguration: 

Using generated security password: 3005683a-e721-4a23-bb80-b1c31e9601ab

This generated password is for development use only. Your security configuration must be updated before running your application in production.

2023-01-25 15:35:28,526 WARN [main] org.springframework.boot.autoconfigure.orm.jpa.JpaBaseConfiguration$JpaWebConfiguration: spring.jpa.open-in-view is enabled by default. Therefore, database queries may be performed during view rendering. Explicitly configure spring.jpa.open-in-view to disable this warning
2023-01-25 15:35:28,751 INFO [main] org.springframework.security.web.DefaultSecurityFilterChain: Will secure any request with [org.springframework.security.web.session.DisableEncodeUrlFilter@4468ced2, org.springframework.security.web.context.request.async.WebAsyncManagerIntegrationFilter@21f421b8, org.springframework.security.web.context.SecurityContextPersistenceFilter@5625e7e1, org.springframework.security.web.header.HeaderWriterFilter@1a18e68a, org.springframework.web.filter.CorsFilter@4e3bc13b, maluevartem.cloud_storage_backend.security.JWTFilter@17229821, org.springframework.security.web.savedrequest.RequestCacheAwareFilter@77d42ed7, org.springframework.security.web.servletapi.SecurityContextHolderAwareRequestFilter@54da736e, org.springframework.security.web.authentication.AnonymousAuthenticationFilter@2c989d82, org.springframework.security.web.session.SessionManagementFilter@4f63909f, org.springframework.security.web.access.ExceptionTranslationFilter@77e261e3, org.springframework.security.web.access.intercept.FilterSecurityInterceptor@f3e6876]
2023-01-25 15:35:29,034 INFO [main] org.apache.juli.logging.DirectJDKLog: Starting ProtocolHandler ["http-nio-8888"]
2023-01-25 15:35:29,055 INFO [main] org.springframework.boot.web.embedded.tomcat.TomcatWebServer: Tomcat started on port(s): 8888 (http) with context path ''
2023-01-25 15:35:29,065 INFO [main] org.springframework.boot.StartupInfoLogger: Started CloudStorageBackendApplication in 6.162 seconds (JVM running for 7.53)
2023-01-25 15:37:27,913 INFO [SpringApplicationShutdownHook] org.springframework.orm.jpa.AbstractEntityManagerFactoryBean: Closing JPA EntityManagerFactory for persistence unit 'default'
2023-01-25 15:37:28,153 INFO [SpringApplicationShutdownHook] com.zaxxer.hikari.HikariDataSource: HikariPool-1 - Shutdown initiated...
2023-01-25 15:37:28,391 INFO [SpringApplicationShutdownHook] com.zaxxer.hikari.HikariDataSource: HikariPool-1 - Shutdown completed.
2023-01-25 15:38:20,963 INFO [main] maluevartem.cloud_storage_backend.CloudStorageBackendApplication: Сервер запущен: Wed Jan 25 15:38:20 MSK 2023
2023-01-25 15:38:21,629 INFO [background-preinit] org.hibernate.validator.internal.util.Version: HV000001: Hibernate Validator 6.2.5.Final
2023-01-25 15:38:21,631 INFO [main] org.springframework.boot.StartupInfoLogger: Starting CloudStorageBackendApplication using Java 11.0.14.1 on Jgeleziaka-13 with PID 12728 (D:\JavaCourse\DiplomaWork_CloudStorage\cloud_storage_backend\target\classes started by Пользователь in D:\JavaCourse\DiplomaWork_CloudStorage\cloud_storage_backend)
2023-01-25 15:38:21,633 DEBUG [main] org.springframework.boot.StartupInfoLogger: Running with Spring Boot v2.7.5, Spring v5.3.23
2023-01-25 15:38:21,634 INFO [main] org.springframework.boot.SpringApplication: No active profile set, falling back to 1 default profile: "default"
2023-01-25 15:38:22,503 INFO [main] org.springframework.data.repository.config.RepositoryConfigurationDelegate: Multiple Spring Data modules found, entering strict repository configuration mode
2023-01-25 15:38:22,504 INFO [main] org.springframework.data.repository.config.RepositoryConfigurationDelegate: Bootstrapping Spring Data JDBC repositories in DEFAULT mode.
2023-01-25 15:38:22,540 INFO [main] org.springframework.data.repository.config.RepositoryConfigurationExtensionSupport: Spring Data JDBC - Could not safely identify store assignment for repository candidate interface maluevartem.cloud_storage_backend.repository.FileRepository; If you want this repository to be a JDBC repository, consider annotating your entities with one of these annotations: org.springframework.data.relational.core.mapping.Table.
2023-01-25 15:38:22,542 INFO [main] org.springframework.data.repository.config.RepositoryConfigurationExtensionSupport: Spring Data JDBC - Could not safely identify store assignment for repository candidate interface maluevartem.cloud_storage_backend.repository.UserRepository; If you want this repository to be a JDBC repository, consider annotating your entities with one of these annotations: org.springframework.data.relational.core.mapping.Table.
2023-01-25 15:38:22,543 INFO [main] org.springframework.data.repository.config.RepositoryConfigurationDelegate: Finished Spring Data repository scanning in 33 ms. Found 0 JDBC repository interfaces.
2023-01-25 15:38:22,552 INFO [main] org.springframework.data.repository.config.RepositoryConfigurationDelegate: Multiple Spring Data modules found, entering strict repository configuration mode
2023-01-25 15:38:22,552 INFO [main] org.springframework.data.repository.config.RepositoryConfigurationDelegate: Bootstrapping Spring Data JPA repositories in DEFAULT mode.
2023-01-25 15:38:22,589 INFO [main] org.springframework.data.repository.config.RepositoryConfigurationDelegate: Finished Spring Data repository scanning in 33 ms. Found 2 JPA repository interfaces.
2023-01-25 15:38:23,269 INFO [main] org.springframework.boot.web.embedded.tomcat.TomcatWebServer: Tomcat initialized with port(s): 8888 (http)
2023-01-25 15:38:23,279 INFO [main] org.apache.juli.logging.DirectJDKLog: Initializing ProtocolHandler ["http-nio-8888"]
2023-01-25 15:38:23,280 INFO [main] org.apache.juli.logging.DirectJDKLog: Starting service [Tomcat]
2023-01-25 15:38:23,280 INFO [main] org.apache.juli.logging.DirectJDKLog: Starting Servlet engine: [Apache Tomcat/9.0.68]
2023-01-25 15:38:23,404 INFO [main] org.apache.juli.logging.DirectJDKLog: Initializing Spring embedded WebApplicationContext
2023-01-25 15:38:23,405 INFO [main] org.springframework.boot.web.servlet.context.ServletWebServerApplicationContext: Root WebApplicationContext: initialization completed in 1708 ms
2023-01-25 15:38:23,464 DEBUG [main] org.springframework.web.filter.GenericFilterBean: Filter 'JWTFilter' configured for use
2023-01-25 15:38:23,693 INFO [main] com.zaxxer.hikari.HikariDataSource: HikariPool-1 - Starting...
2023-01-25 15:38:24,132 INFO [main] com.zaxxer.hikari.HikariDataSource: HikariPool-1 - Start completed.
2023-01-25 15:38:24,558 INFO [main] liquibase.logging.core.JavaLogger: Successfully acquired change log lock
2023-01-25 15:38:24,676 INFO [main] liquibase.logging.core.JavaLogger: Reading resource: db/changelog/migrations/script-v1.0-create-table-file_entity.yaml
2023-01-25 15:38:24,922 INFO [main] liquibase.logging.core.JavaLogger: Reading resource: db/changelog/migrations/script-v1.0-create-table-user_entity.yaml
2023-01-25 15:38:24,927 INFO [main] liquibase.logging.core.JavaLogger: Reading resource: db/changelog/migrations/script-v1.0-fill-table-user_entity.sql
2023-01-25 15:38:24,957 INFO [main] liquibase.logging.core.JavaLogger: Creating database history table with name: mysqlDataBase.DATABASECHANGELOG
2023-01-25 15:38:24,971 INFO [main] liquibase.logging.core.JavaLogger: Reading from mysqlDataBase.DATABASECHANGELOG
2023-01-25 15:38:25,098 INFO [main] liquibase.logging.core.JavaLogger: Table file_entity created
2023-01-25 15:38:25,099 INFO [main] liquibase.logging.core.JavaLogger: ChangeSet db/changelog/migrations/script-v1.0-create-table-file_entity.yaml::create-table-file_entity::Maluev Artem ran successfully in 13ms
2023-01-25 15:38:25,120 INFO [main] liquibase.logging.core.JavaLogger: Table user_entity created
2023-01-25 15:38:25,130 INFO [main] liquibase.logging.core.JavaLogger: ChangeSet db/changelog/migrations/script-v1.0-create-table-user_entity.yaml::create-table-user_entity::Maluev Artem ran successfully in 23ms
2023-01-25 15:38:25,167 INFO [main] liquibase.logging.core.JavaLogger: Custom SQL executed
2023-01-25 15:38:25,169 INFO [main] liquibase.logging.core.JavaLogger: ChangeSet db/changelog/migrations/script-v1.0-fill-table-user_entity.sql::raw::includeAll ran successfully in 16ms
2023-01-25 15:38:25,183 INFO [main] liquibase.logging.core.JavaLogger: Successfully released change log lock
2023-01-25 15:38:25,251 INFO [main] org.hibernate.jpa.internal.util.LogHelper: HHH000204: Processing PersistenceUnitInfo [name: default]
2023-01-25 15:38:25,299 INFO [main] org.hibernate.Version: HHH000412: Hibernate ORM core version 5.6.12.Final
2023-01-25 15:38:25,445 INFO [main] org.hibernate.annotations.common.reflection.java.JavaReflectionManager: HCANN000001: Hibernate Commons Annotations {5.1.2.Final}
2023-01-25 15:38:25,540 INFO [main] org.hibernate.dialect.Dialect: HHH000400: Using dialect: org.hibernate.dialect.MySQL5Dialect
2023-01-25 15:38:26,082 INFO [main] org.hibernate.engine.transaction.jta.platform.internal.JtaPlatformInitiator: HHH000490: Using JtaPlatform implementation: [org.hibernate.engine.transaction.jta.platform.internal.NoJtaPlatform]
2023-01-25 15:38:26,090 INFO [main] org.springframework.orm.jpa.AbstractEntityManagerFactoryBean: Initialized JPA EntityManagerFactory for persistence unit 'default'
2023-01-25 15:38:26,545 WARN [main] org.springframework.boot.autoconfigure.security.servlet.UserDetailsServiceAutoConfiguration: 

Using generated security password: 88a5af2e-713f-403a-91b8-ee23b7376d0f

This generated password is for development use only. Your security configuration must be updated before running your application in production.

2023-01-25 15:38:26,660 WARN [main] org.springframework.boot.autoconfigure.orm.jpa.JpaBaseConfiguration$JpaWebConfiguration: spring.jpa.open-in-view is enabled by default. Therefore, database queries may be performed during view rendering. Explicitly configure spring.jpa.open-in-view to disable this warning
2023-01-25 15:38:26,877 INFO [main] org.springframework.security.web.DefaultSecurityFilterChain: Will secure any request with [org.springframework.security.web.session.DisableEncodeUrlFilter@4a49ce3a, org.springframework.security.web.context.request.async.WebAsyncManagerIntegrationFilter@518ed9b4, org.springframework.security.web.context.SecurityContextPersistenceFilter@471d6571, org.springframework.security.web.header.HeaderWriterFilter@1f5a1ad4, org.springframework.web.filter.CorsFilter@20e73e41, maluevartem.cloud_storage_backend.security.JWTFilter@420cd102, org.springframework.security.web.savedrequest.RequestCacheAwareFilter@5692863, org.springframework.security.web.servletapi.SecurityContextHolderAwareRequestFilter@77a1df4d, org.springframework.security.web.authentication.AnonymousAuthenticationFilter@694dc99b, org.springframework.security.web.session.SessionManagementFilter@25d87313, org.springframework.security.web.access.ExceptionTranslationFilter@40f77135, org.springframework.security.web.access.intercept.FilterSecurityInterceptor@64f1b2fb]
2023-01-25 15:38:27,189 INFO [main] org.apache.juli.logging.DirectJDKLog: Starting ProtocolHandler ["http-nio-8888"]
2023-01-25 15:38:27,222 INFO [main] org.springframework.boot.web.embedded.tomcat.TomcatWebServer: Tomcat started on port(s): 8888 (http) with context path ''
2023-01-25 15:38:27,232 INFO [main] org.springframework.boot.StartupInfoLogger: Started CloudStorageBackendApplication in 6.131 seconds (JVM running for 7.309)
2023-01-25 15:39:03,132 INFO [http-nio-8888-exec-2] org.apache.juli.logging.DirectJDKLog: Initializing Spring DispatcherServlet 'dispatcherServlet'
2023-01-25 15:39:03,133 INFO [http-nio-8888-exec-2] org.springframework.web.servlet.FrameworkServlet: Initializing Servlet 'dispatcherServlet'
2023-01-25 15:39:03,179 INFO [http-nio-8888-exec-2] org.springframework.web.servlet.FrameworkServlet: Completed initialization in 45 ms
2023-01-25 15:39:03,452 INFO [http-nio-8888-exec-2] maluevartem.cloud_storage_backend.controller.RegistrationController: Новый пользователь приступил к регистрации: UserDto(login=User, password=user1234)
2023-01-25 15:39:03,463 INFO [http-nio-8888-exec-2] maluevartem.cloud_storage_backend.service.RegistrationService: Проверка свободности логина: UserEntity(id=null, login=User, password=user1234, fileList=null)
2023-01-25 15:39:04,226 INFO [http-nio-8888-exec-2] maluevartem.cloud_storage_backend.service.RegistrationService: Новый пользователь зарегистрирован: UserEntity(id=null, login=User, password=$2a$12$L/60e15uj8ZFqTldPHFJo.v3Tlyf4MXtTmPesF0rvWCRnrpiE5ggq, fileList=null)
2023-01-25 15:40:01,321 INFO [http-nio-8888-exec-4] maluevartem.cloud_storage_backend.controller.AuthenticationController: Пользователь пытается войти в систему: UserDto(login=User, password=user1234)
2023-01-25 15:40:01,328 INFO [http-nio-8888-exec-4] maluevartem.cloud_storage_backend.service.AuthenticationService: Поиск пользователя в базе данных по логину: User
2023-01-25 15:40:02,085 INFO [http-nio-8888-exec-4] maluevartem.cloud_storage_backend.security.JWTToken: Auth-token добавлен в список активных токеннов
2023-01-25 15:40:02,085 INFO [http-nio-8888-exec-4] maluevartem.cloud_storage_backend.controller.AuthenticationController: Пользователь: UserDto(login=User, password=user1234) успешно вошел в систему. Auth-token: eyJhbGciOiJIUzI1NiJ9.eyJqdGkiOiIyIiwic3ViIjoiVXNlciIsImlhdCI6MTY3NDY1MDQwMSwibmJmIjoxNjc0NjUwNDAxLCJleHAiOjE2NzQ2NTIyMDJ9.LVABBpgOP9LL937qCvfiLpkGRqTJMplu0sBZzZPyW34
2023-01-25 15:44:24,567 INFO [SpringApplicationShutdownHook] org.springframework.orm.jpa.AbstractEntityManagerFactoryBean: Closing JPA EntityManagerFactory for persistence unit 'default'
2023-01-25 15:44:24,587 INFO [SpringApplicationShutdownHook] com.zaxxer.hikari.HikariDataSource: HikariPool-1 - Shutdown initiated...
2023-01-25 15:44:24,655 INFO [SpringApplicationShutdownHook] com.zaxxer.hikari.HikariDataSource: HikariPool-1 - Shutdown completed.
